
[0;34m═══ ASDEV Autonomous Execution Loop ═══[0m
[0;36m[04:54:56][0m Timestamp: 2026-07-08T04:54:56Z
[0;36m[04:54:56][0m Dry-run: false
[0;36m[04:54:56][0m Max jobs: 1
[0;36m[04:54:56][0m Once: true
[0;36m[04:54:56][0m Issue: 45
[0;36m[04:54:56][0m Simulate-offline: false
[0;36m[04:54:56][0m Root: /home/asdev/repos/alirezasafaeisystems
[0;36m[04:54:56][0m Queue: /home/asdev/repos/alirezasafaeisystems/docs/automation/ACTIVE_AUTONOMOUS_QUEUE.md
[0;36m[04:54:56][0m Allowed modes: read-only,docs-only,automation-script
[0;36m[04:54:56][0m Block product validation: true

[0;32m[OK][0m Network OK

[0;34m═══ Processing Queue ═══[0m
[0;36m[04:54:56][0m Pending tasks: 20
[1;33m[WARN][0m Task A-Q01 mode 'product-branch' not in allowed modes (read-only,docs-only,automation-script) — deferred
[0;36m[04:54:57][0m Max jobs reached (1)

[0;34m═══ Loop Summary ═══[0m
[0;36m[04:54:57][0m Jobs executed: 0
[0;36m[04:54:57][0m Jobs failed: 0
[0;36m[04:54:57][0m Jobs skipped: 1
[0;36m[04:54:57][0m Consecutive failures: 0
[0;32m[OK][0m Loop completed successfully
